Flow report for parking_phase2
Sat Mar 25 18:00:26 2017
Quartus Prime Version 15.1.1 Build 189 12/02/2015 SJ Lite Edition


---------------------
; Table of Contents ;
---------------------
  1. Legal Notice
  2. Flow Summary
  3. Flow Settings
  4. Flow Non-Default Global Settings
  5. Flow Elapsed Time
  6. Flow OS Summary
  7. Flow Log
  8. Flow Messages
  9. Flow Suppressed Messages



----------------
; Legal Notice ;
----------------
Copyright (C) 1991-2015 Altera Corporation. All rights reserved.
Your use of Altera Corporation's design tools, logic functions 
and other software and tools, and its AMPP partner logic 
functions, and any output files from any of the foregoing 
(including device programming or simulation files), and any 
associated documentation or information are expressly subject 
to the terms and conditions of the Altera Program License 
Subscription Agreement, the Altera Quartus Prime License Agreement,
the Altera MegaCore Function License Agreement, or other 
applicable license agreement, including, without limitation, 
that your use is for the sole purpose of programming logic 
devices manufactured by Altera and sold by Altera or its 
authorized distributors.  Please refer to the applicable 
agreement for further details.



+----------------------------------------------------------------------------------+
; Flow Summary                                                                     ;
+------------------------------------+---------------------------------------------+
; Flow Status                        ; Successful - Sat Mar 25 18:00:26 2017       ;
; Quartus Prime Version              ; 15.1.1 Build 189 12/02/2015 SJ Lite Edition ;
; Revision Name                      ; parking_phase2                              ;
; Top-level Entity Name              ; parking_Phase2                              ;
; Family                             ; Cyclone IV E                                ;
; Device                             ; EP4CE115F29C7                               ;
; Timing Models                      ; Final                                       ;
; Total logic elements               ; 117 / 114,480 ( < 1 % )                     ;
;     Total combinational functions  ; 113 / 114,480 ( < 1 % )                     ;
;     Dedicated logic registers      ; 66 / 114,480 ( < 1 % )                      ;
; Total registers                    ; 66                                          ;
; Total pins                         ; 5 / 529 ( < 1 % )                           ;
; Total virtual pins                 ; 0                                           ;
; Total memory bits                  ; 0 / 3,981,312 ( 0 % )                       ;
; Embedded Multiplier 9-bit elements ; 0 / 532 ( 0 % )                             ;
; Total PLLs                         ; 0 / 4 ( 0 % )                               ;
+------------------------------------+---------------------------------------------+


+-----------------------------------------+
; Flow Settings                           ;
+-------------------+---------------------+
; Option            ; Setting             ;
+-------------------+---------------------+
; Start date & time ; 03/21/2017 18:31:21 ;
; Main task         ; Compilation         ;
; Revision Name     ; parking_phase2      ;
+-------------------+---------------------+


+------------------------------------------------------------------------------------------------------------------------+
; Flow Non-Default Global Settings                                                                                       ;
+-------------------------------------+--------------------------------+---------------+----------------+----------------+
; Assignment Name                     ; Value                          ; Default Value ; Entity Name    ; Section Id     ;
+-------------------------------------+--------------------------------+---------------+----------------+----------------+
; COMPILER_SIGNATURE_ID               ; 35344968877817.149012108111144 ; --            ; --             ; --             ;
; EDA_OUTPUT_DATA_FORMAT              ; Vhdl                           ; --            ; --             ; eda_simulation ;
; EDA_SIMULATION_TOOL                 ; ModelSim-Altera (VHDL)         ; <None>        ; --             ; --             ;
; MAX_CORE_JUNCTION_TEMP              ; 85                             ; --            ; --             ; --             ;
; MIN_CORE_JUNCTION_TEMP              ; 0                              ; --            ; --             ; --             ;
; NOMINAL_CORE_SUPPLY_VOLTAGE         ; 1.2V                           ; --            ; --             ; --             ;
; PARTITION_COLOR                     ; 16764057                       ; --            ; parking_Phase2 ; Top            ;
; PARTITION_FITTER_PRESERVATION_LEVEL ; PLACEMENT_AND_ROUTING          ; --            ; parking_Phase2 ; Top            ;
; PARTITION_NETLIST_TYPE              ; SOURCE                         ; --            ; parking_Phase2 ; Top            ;
; PROJECT_OUTPUT_DIRECTORY            ; output_files                   ; --            ; --             ; --             ;
+-------------------------------------+--------------------------------+---------------+----------------+----------------+


+-------------------------------------------------------------------------------------------------------------------------------+
; Flow Elapsed Time                                                                                                             ;
+---------------------------+--------------+-------------------------+---------------------+------------------------------------+
; Module Name               ; Elapsed Time ; Average Processors Used ; Peak Virtual Memory ; Total CPU Time (on all processors) ;
+---------------------------+--------------+-------------------------+---------------------+------------------------------------+
; Analysis & Synthesis      ; 00:00:15     ; 1.0                     ; 837 MB              ; 00:00:33                           ;
; Fitter                    ; 00:00:23     ; 1.0                     ; 1235 MB             ; 00:00:25                           ;
; Assembler                 ; 00:00:06     ; 1.0                     ; 732 MB              ; 00:00:07                           ;
; TimeQuest Timing Analyzer ; 00:00:03     ; 1.0                     ; 846 MB              ; 00:00:03                           ;
; EDA Netlist Writer        ; 00:00:02     ; 1.0                     ; 698 MB              ; 00:00:01                           ;
; EDA Netlist Writer        ; 00:00:01     ; 1.0                     ; 684 MB              ; 00:00:01                           ;
; EDA Netlist Writer        ; 00:00:01     ; 1.0                     ; 688 MB              ; 00:00:01                           ;
; Total                     ; 00:00:51     ; --                      ; --                  ; 00:01:11                           ;
+---------------------------+--------------+-------------------------+---------------------+------------------------------------+


+----------------------------------------------------------------------------------------+
; Flow OS Summary                                                                        ;
+---------------------------+------------------+-----------+------------+----------------+
; Module Name               ; Machine Hostname ; OS Name   ; OS Version ; Processor type ;
+---------------------------+------------------+-----------+------------+----------------+
; Analysis & Synthesis      ; DESKTOP-SMM8EVA  ; Windows 8 ; 6.2        ; x86_64         ;
; Fitter                    ; DESKTOP-SMM8EVA  ; Windows 8 ; 6.2        ; x86_64         ;
; Assembler                 ; DESKTOP-SMM8EVA  ; Windows 8 ; 6.2        ; x86_64         ;
; TimeQuest Timing Analyzer ; DESKTOP-SMM8EVA  ; Windows 8 ; 6.2        ; x86_64         ;
; EDA Netlist Writer        ; DESKTOP-SMM8EVA  ; Windows 8 ; 6.2        ; x86_64         ;
; EDA Netlist Writer        ; DESKTOP-SMM8EVA  ; Windows 8 ; 6.2        ; x86_64         ;
; EDA Netlist Writer        ; DESKTOP-SMM8EVA  ; Windows 8 ; 6.2        ; x86_64         ;
+---------------------------+------------------+-----------+------------+----------------+


------------
; Flow Log ;
------------
quartus_map --read_settings_files=on --write_settings_files=off parking_phase2 -c parking_phase2
quartus_fit --read_settings_files=off --write_settings_files=off parking_phase2 -c parking_phase2
quartus_asm --read_settings_files=off --write_settings_files=off parking_phase2 -c parking_phase2
quartus_sta parking_phase2 -c parking_phase2
quartus_eda --read_settings_files=off --write_settings_files=off parking_phase2 -c parking_phase2
quartus_eda --gen_testbench --tool=modelsim_oem --format=verilog --write_settings_files=off parking_phase2 -c parking_phase2 --vector_source="C:/Users/xXxpussylordswagxXx/Documents/merdas da uni/LSD/mini projeto/parte2/Waveform.vwf" --testbench_file="C:/Users/xXxpussylordswagxXx/Documents/merdas da uni/LSD/mini projeto/parte2/simulation/qsim/Waveform.vwf.vt"
quartus_eda --write_settings_files=off --functional=on --flatten_buses=off --simulation=on --tool=modelsim_oem --format=verilog --output_directory="C:/Users/xXxpussylordswagxXx/Documents/merdas da uni/LSD/mini projeto/parte2/simulation/qsim/" parking_phase2 -c parking_phase2



