Analysis & Synthesis report for fase4
Thu Mar 30 10:42:42 2017
Quartus Prime Version 15.1.1 Build 189 12/02/2015 SJ Lite Edition


---------------------
; Table of Contents ;
---------------------
  1. Legal Notice
  2. Analysis & Synthesis Summary
  3. Analysis & Synthesis Settings
  4. Parallel Compilation
  5. Analysis & Synthesis Source Files Read
  6. Analysis & Synthesis Resource Usage Summary
  7. Analysis & Synthesis Resource Utilization by Entity
  8. User-Specified and Inferred Latches
  9. General Register Statistics
 10. Multiplexer Restructuring Statistics (Restructuring Performed)
 11. Parameter Settings for User Entity Instance: timer:t1
 12. Parameter Settings for User Entity Instance: DebounceUnit:de
 13. Parameter Settings for User Entity Instance: freqDivider:f1
 14. Parameter Settings for Inferred Entity Instance: BCD:BCD|lpm_divide:Mod0
 15. Parameter Settings for Inferred Entity Instance: BCD:BCD|lpm_divide:Div0
 16. Port Connectivity Checks: "Bin7SegDecoder:bin3"
 17. Port Connectivity Checks: "Bin7SegDecoder:bin2"
 18. Port Connectivity Checks: "Bin7SegDecoder:bin1"
 19. Port Connectivity Checks: "Bin7SegDecoder:bin0"
 20. Port Connectivity Checks: "timer:t1"
 21. Post-Synthesis Netlist Statistics for Top Partition
 22. Elapsed Time Per Partition
 23. Analysis & Synthesis Messages



----------------
; Legal Notice ;
----------------
Copyright (C) 1991-2015 Altera Corporation. All rights reserved.
Your use of Altera Corporation's design tools, logic functions 
and other software and tools, and its AMPP partner logic 
functions, and any output files from any of the foregoing 
(including device programming or simulation files), and any 
associated documentation or information are expressly subject 
to the terms and conditions of the Altera Program License 
Subscription Agreement, the Altera Quartus Prime License Agreement,
the Altera MegaCore Function License Agreement, or other 
applicable license agreement, including, without limitation, 
that your use is for the sole purpose of programming logic 
devices manufactured by Altera and sold by Altera or its 
authorized distributors.  Please refer to the applicable 
agreement for further details.



+----------------------------------------------------------------------------------+
; Analysis & Synthesis Summary                                                     ;
+------------------------------------+---------------------------------------------+
; Analysis & Synthesis Status        ; Successful - Thu Mar 30 10:42:42 2017       ;
; Quartus Prime Version              ; 15.1.1 Build 189 12/02/2015 SJ Lite Edition ;
; Revision Name                      ; fase4                                       ;
; Top-level Entity Name              ; parking_Phase4                              ;
; Family                             ; Cyclone IV E                                ;
; Total logic elements               ; 333                                         ;
;     Total combinational functions  ; 331                                         ;
;     Dedicated logic registers      ; 92                                          ;
; Total registers                    ; 92                                          ;
; Total pins                         ; 35                                          ;
; Total virtual pins                 ; 0                                           ;
; Total memory bits                  ; 0                                           ;
; Embedded Multiplier 9-bit elements ; 0                                           ;
; Total PLLs                         ; 0                                           ;
+------------------------------------+---------------------------------------------+


+----------------------------------------------------------------------------------------------------------------------+
; Analysis & Synthesis Settings                                                                                        ;
+----------------------------------------------------------------------------+--------------------+--------------------+
; Option                                                                     ; Setting            ; Default Value      ;
+----------------------------------------------------------------------------+--------------------+--------------------+
; Device                                                                     ; EP4CE115F29C7      ;                    ;
; Top-level entity name                                                      ; parking_Phase4     ; fase4              ;
; Family name                                                                ; Cyclone IV E       ; Cyclone V          ;
; Use smart compilation                                                      ; Off                ; Off                ;
; Enable parallel Assembler and TimeQuest Timing Analyzer during compilation ; On                 ; On                 ;
; Enable compact report table                                                ; Off                ; Off                ;
; Restructure Multiplexers                                                   ; Auto               ; Auto               ;
; Create Debugging Nodes for IP Cores                                        ; Off                ; Off                ;
; Preserve fewer node names                                                  ; On                 ; On                 ;
; Disable OpenCore Plus hardware evaluation                                  ; Off                ; Off                ;
; Verilog Version                                                            ; Verilog_2001       ; Verilog_2001       ;
; VHDL Version                                                               ; VHDL_1993          ; VHDL_1993          ;
; State Machine Processing                                                   ; Auto               ; Auto               ;
; Safe State Machine                                                         ; Off                ; Off                ;
; Extract Verilog State Machines                                             ; On                 ; On                 ;
; Extract VHDL State Machines                                                ; On                 ; On                 ;
; Ignore Verilog initial constructs                                          ; Off                ; Off                ;
; Iteration limit for constant Verilog loops                                 ; 5000               ; 5000               ;
; Iteration limit for non-constant Verilog loops                             ; 250                ; 250                ;
; Add Pass-Through Logic to Inferred RAMs                                    ; On                 ; On                 ;
; Infer RAMs from Raw Logic                                                  ; On                 ; On                 ;
; Parallel Synthesis                                                         ; On                 ; On                 ;
; DSP Block Balancing                                                        ; Auto               ; Auto               ;
; NOT Gate Push-Back                                                         ; On                 ; On                 ;
; Power-Up Don't Care                                                        ; On                 ; On                 ;
; Remove Redundant Logic Cells                                               ; Off                ; Off                ;
; Remove Duplicate Registers                                                 ; On                 ; On                 ;
; Ignore CARRY Buffers                                                       ; Off                ; Off                ;
; Ignore CASCADE Buffers                                                     ; Off                ; Off                ;
; Ignore GLOBAL Buffers                                                      ; Off                ; Off                ;
; Ignore ROW GLOBAL Buffers                                                  ; Off                ; Off                ;
; Ignore LCELL Buffers                                                       ; Off                ; Off                ;
; Ignore SOFT Buffers                                                        ; On                 ; On                 ;
; Limit AHDL Integers to 32 Bits                                             ; Off                ; Off                ;
; Optimization Technique                                                     ; Balanced           ; Balanced           ;
; Carry Chain Length                                                         ; 70                 ; 70                 ;
; Auto Carry Chains                                                          ; On                 ; On                 ;
; Auto Open-Drain Pins                                                       ; On                 ; On                 ;
; Perform WYSIWYG Primitive Resynthesis                                      ; Off                ; Off                ;
; Auto ROM Replacement                                                       ; On                 ; On                 ;
; Auto RAM Replacement                                                       ; On                 ; On                 ;
; Auto DSP Block Replacement                                                 ; On                 ; On                 ;
; Auto Shift Register Replacement                                            ; Auto               ; Auto               ;
; Allow Shift Register Merging across Hierarchies                            ; Auto               ; Auto               ;
; Auto Clock Enable Replacement                                              ; On                 ; On                 ;
; Strict RAM Replacement                                                     ; Off                ; Off                ;
; Allow Synchronous Control Signals                                          ; On                 ; On                 ;
; Force Use of Synchronous Clear Signals                                     ; Off                ; Off                ;
; Auto RAM Block Balancing                                                   ; On                 ; On                 ;
; Auto RAM to Logic Cell Conversion                                          ; Off                ; Off                ;
; Auto Resource Sharing                                                      ; Off                ; Off                ;
; Allow Any RAM Size For Recognition                                         ; Off                ; Off                ;
; Allow Any ROM Size For Recognition                                         ; Off                ; Off                ;
; Allow Any Shift Register Size For Recognition                              ; Off                ; Off                ;
; Use LogicLock Constraints during Resource Balancing                        ; On                 ; On                 ;
; Ignore translate_off and synthesis_off directives                          ; Off                ; Off                ;
; Timing-Driven Synthesis                                                    ; On                 ; On                 ;
; Report Parameter Settings                                                  ; On                 ; On                 ;
; Report Source Assignments                                                  ; On                 ; On                 ;
; Report Connectivity Checks                                                 ; On                 ; On                 ;
; Ignore Maximum Fan-Out Assignments                                         ; Off                ; Off                ;
; Synchronization Register Chain Length                                      ; 2                  ; 2                  ;
; PowerPlay Power Optimization During Synthesis                              ; Normal compilation ; Normal compilation ;
; HDL message level                                                          ; Level2             ; Level2             ;
; Suppress Register Optimization Related Messages                            ; Off                ; Off                ;
; Number of Removed Registers Reported in Synthesis Report                   ; 5000               ; 5000               ;
; Number of Swept Nodes Reported in Synthesis Report                         ; 5000               ; 5000               ;
; Number of Inverted Registers Reported in Synthesis Report                  ; 100                ; 100                ;
; Clock MUX Protection                                                       ; On                 ; On                 ;
; Auto Gated Clock Conversion                                                ; Off                ; Off                ;
; Block Design Naming                                                        ; Auto               ; Auto               ;
; SDC constraint protection                                                  ; Off                ; Off                ;
; Synthesis Effort                                                           ; Auto               ; Auto               ;
; Shift Register Replacement - Allow Asynchronous Clear Signal               ; On                 ; On                 ;
; Pre-Mapping Resynthesis Optimization                                       ; Off                ; Off                ;
; Analysis & Synthesis Message Level                                         ; Medium             ; Medium             ;
; Disable Register Merging Across Hierarchies                                ; Auto               ; Auto               ;
; Resource Aware Inference For Block RAM                                     ; On                 ; On                 ;
; Synthesis Seed                                                             ; 1                  ; 1                  ;
+----------------------------------------------------------------------------+--------------------+--------------------+


Parallel compilation was disabled, but you have multiple processors available. Enable parallel compilation to reduce compilation time.
+-------------------------------------+
; Parallel Compilation                ;
+----------------------------+--------+
; Processors                 ; Number ;
+----------------------------+--------+
; Number detected on machine ; 8      ;
; Maximum allowed            ; 1      ;
+----------------------------+--------+


+------------------------------------------------------------------------------------------------------------------------------------------------------------------------------------------------------+
; Analysis & Synthesis Source Files Read                                                                                                                                                               ;
+----------------------------------+-----------------+------------------------------+--------------------------------------------------------------------------------------------------------+---------+
; File Name with User-Entered Path ; Used in Netlist ; File Type                    ; File Name with Absolute Path                                                                           ; Library ;
+----------------------------------+-----------------+------------------------------+--------------------------------------------------------------------------------------------------------+---------+
; counter.vhd                      ; yes             ; User VHDL File               ; C:/Users/xXxpussylordswagxXx/Documents/merdas da uni/LSD/mini projeto/cenas/counter.vhd                ;         ;
; BCD.vhd                          ; yes             ; User VHDL File               ; C:/Users/xXxpussylordswagxXx/Documents/merdas da uni/LSD/mini projeto/cenas/BCD.vhd                    ;         ;
; Bin7SegDecoder.vhd               ; yes             ; User VHDL File               ; C:/Users/xXxpussylordswagxXx/Documents/merdas da uni/LSD/mini projeto/cenas/Bin7SegDecoder.vhd         ;         ;
; DebounceUnit.vhd                 ; yes             ; User VHDL File               ; C:/Users/xXxpussylordswagxXx/Documents/merdas da uni/LSD/mini projeto/cenas/DebounceUnit.vhd           ;         ;
; ../Fase4/Fase4/freqDivider.vhd   ; yes             ; User VHDL File               ; C:/Users/xXxpussylordswagxXx/Documents/merdas da uni/LSD/mini projeto/Fase4/Fase4/freqDivider.vhd      ;         ;
; ../Fase4/Fase4/timer.vhd         ; yes             ; User VHDL File               ; C:/Users/xXxpussylordswagxXx/Documents/merdas da uni/LSD/mini projeto/Fase4/Fase4/timer.vhd            ;         ;
; parking_Phase4.vhd               ; yes             ; User VHDL File               ; C:/Users/xXxpussylordswagxXx/Documents/merdas da uni/LSD/mini projeto/cenas/parking_Phase4.vhd         ;         ;
; lpm_divide.tdf                   ; yes             ; Megafunction                 ; c:/altera_lite/15.1/quartus/libraries/megafunctions/lpm_divide.tdf                                     ;         ;
; abs_divider.inc                  ; yes             ; Megafunction                 ; c:/altera_lite/15.1/quartus/libraries/megafunctions/abs_divider.inc                                    ;         ;
; sign_div_unsign.inc              ; yes             ; Megafunction                 ; c:/altera_lite/15.1/quartus/libraries/megafunctions/sign_div_unsign.inc                                ;         ;
; aglobal151.inc                   ; yes             ; Megafunction                 ; c:/altera_lite/15.1/quartus/libraries/megafunctions/aglobal151.inc                                     ;         ;
; db/lpm_divide_i9m.tdf            ; yes             ; Auto-Generated Megafunction  ; C:/Users/xXxpussylordswagxXx/Documents/merdas da uni/LSD/mini projeto/cenas/db/lpm_divide_i9m.tdf      ;         ;
; db/sign_div_unsign_7kh.tdf       ; yes             ; Auto-Generated Megafunction  ; C:/Users/xXxpussylordswagxXx/Documents/merdas da uni/LSD/mini projeto/cenas/db/sign_div_unsign_7kh.tdf ;         ;
; db/alt_u_div_24f.tdf             ; yes             ; Auto-Generated Megafunction  ; C:/Users/xXxpussylordswagxXx/Documents/merdas da uni/LSD/mini projeto/cenas/db/alt_u_div_24f.tdf       ;         ;
; db/add_sub_7pc.tdf               ; yes             ; Auto-Generated Megafunction  ; C:/Users/xXxpussylordswagxXx/Documents/merdas da uni/LSD/mini projeto/cenas/db/add_sub_7pc.tdf         ;         ;
; db/add_sub_8pc.tdf               ; yes             ; Auto-Generated Megafunction  ; C:/Users/xXxpussylordswagxXx/Documents/merdas da uni/LSD/mini projeto/cenas/db/add_sub_8pc.tdf         ;         ;
; db/lpm_divide_fhm.tdf            ; yes             ; Auto-Generated Megafunction  ; C:/Users/xXxpussylordswagxXx/Documents/merdas da uni/LSD/mini projeto/cenas/db/lpm_divide_fhm.tdf      ;         ;
+----------------------------------+-----------------+------------------------------+--------------------------------------------------------------------------------------------------------+---------+


+--------------------------------------------------------------+
; Analysis & Synthesis Resource Usage Summary                  ;
+---------------------------------------------+----------------+
; Resource                                    ; Usage          ;
+---------------------------------------------+----------------+
; Estimated Total logic elements              ; 333            ;
;                                             ;                ;
; Total combinational functions               ; 331            ;
; Logic element usage by number of LUT inputs ;                ;
;     -- 4 input functions                    ; 117            ;
;     -- 3 input functions                    ; 100            ;
;     -- <=2 input functions                  ; 114            ;
;                                             ;                ;
; Logic elements by mode                      ;                ;
;     -- normal mode                          ; 210            ;
;     -- arithmetic mode                      ; 121            ;
;                                             ;                ;
; Total registers                             ; 92             ;
;     -- Dedicated logic registers            ; 92             ;
;     -- I/O registers                        ; 0              ;
;                                             ;                ;
; I/O pins                                    ; 35             ;
;                                             ;                ;
; Embedded Multiplier 9-bit elements          ; 0              ;
;                                             ;                ;
; Maximum fan-out node                        ; CLOCK_50~input ;
; Maximum fan-out                             ; 92             ;
; Total fan-out                               ; 1253           ;
; Average fan-out                             ; 2.54           ;
+---------------------------------------------+----------------+


+------------------------------------------------------------------------------------------------------------------------------------------------------------------------------------------------------------------------------------------------------------------------------------------------+
; Analysis & Synthesis Resource Utilization by Entity                                                                                                                                                                                                                                            ;
+-------------------------------------------+-------------------+--------------+-------------+--------------+---------+-----------+------+--------------+-------------------------------------------------------------------------------------------------------------------------+--------------+
; Compilation Hierarchy Node                ; LC Combinationals ; LC Registers ; Memory Bits ; DSP Elements ; DSP 9x9 ; DSP 18x18 ; Pins ; Virtual Pins ; Full Hierarchy Name                                                                                                     ; Library Name ;
+-------------------------------------------+-------------------+--------------+-------------+--------------+---------+-----------+------+--------------+-------------------------------------------------------------------------------------------------------------------------+--------------+
; |parking_Phase4                           ; 331 (1)           ; 92 (0)       ; 0           ; 0            ; 0       ; 0         ; 35   ; 0            ; |parking_Phase4                                                                                                         ; work         ;
;    |BCD:BCD|                              ; 13 (0)            ; 0 (0)        ; 0           ; 0            ; 0       ; 0         ; 0    ; 0            ; |parking_Phase4|BCD:BCD                                                                                                 ; work         ;
;       |lpm_divide:Div0|                   ; 6 (0)             ; 0 (0)        ; 0           ; 0            ; 0       ; 0         ; 0    ; 0            ; |parking_Phase4|BCD:BCD|lpm_divide:Div0                                                                                 ; work         ;
;          |lpm_divide_fhm:auto_generated|  ; 6 (0)             ; 0 (0)        ; 0           ; 0            ; 0       ; 0         ; 0    ; 0            ; |parking_Phase4|BCD:BCD|lpm_divide:Div0|lpm_divide_fhm:auto_generated                                                   ; work         ;
;             |sign_div_unsign_7kh:divider| ; 6 (0)             ; 0 (0)        ; 0           ; 0            ; 0       ; 0         ; 0    ; 0            ; |parking_Phase4|BCD:BCD|lpm_divide:Div0|lpm_divide_fhm:auto_generated|sign_div_unsign_7kh:divider                       ; work         ;
;                |alt_u_div_24f:divider|    ; 6 (6)             ; 0 (0)        ; 0           ; 0            ; 0       ; 0         ; 0    ; 0            ; |parking_Phase4|BCD:BCD|lpm_divide:Div0|lpm_divide_fhm:auto_generated|sign_div_unsign_7kh:divider|alt_u_div_24f:divider ; work         ;
;       |lpm_divide:Mod0|                   ; 7 (0)             ; 0 (0)        ; 0           ; 0            ; 0       ; 0         ; 0    ; 0            ; |parking_Phase4|BCD:BCD|lpm_divide:Mod0                                                                                 ; work         ;
;          |lpm_divide_i9m:auto_generated|  ; 7 (0)             ; 0 (0)        ; 0           ; 0            ; 0       ; 0         ; 0    ; 0            ; |parking_Phase4|BCD:BCD|lpm_divide:Mod0|lpm_divide_i9m:auto_generated                                                   ; work         ;
;             |sign_div_unsign_7kh:divider| ; 7 (0)             ; 0 (0)        ; 0           ; 0            ; 0       ; 0         ; 0    ; 0            ; |parking_Phase4|BCD:BCD|lpm_divide:Mod0|lpm_divide_i9m:auto_generated|sign_div_unsign_7kh:divider                       ; work         ;
;                |alt_u_div_24f:divider|    ; 7 (7)             ; 0 (0)        ; 0           ; 0            ; 0       ; 0         ; 0    ; 0            ; |parking_Phase4|BCD:BCD|lpm_divide:Mod0|lpm_divide_i9m:auto_generated|sign_div_unsign_7kh:divider|alt_u_div_24f:divider ; work         ;
;    |Bin7SegDecoder:bin2|                  ; 2 (2)             ; 0 (0)        ; 0           ; 0            ; 0       ; 0         ; 0    ; 0            ; |parking_Phase4|Bin7SegDecoder:bin2                                                                                     ; work         ;
;    |Bin7SegDecoder:bin3|                  ; 17 (17)           ; 0 (0)        ; 0           ; 0            ; 0       ; 0         ; 0    ; 0            ; |parking_Phase4|Bin7SegDecoder:bin3                                                                                     ; work         ;
;    |Counter:count|                        ; 82 (82)           ; 0 (0)        ; 0           ; 0            ; 0       ; 0         ; 0    ; 0            ; |parking_Phase4|Counter:count                                                                                           ; work         ;
;    |DebounceUnit:de|                      ; 67 (67)           ; 26 (26)      ; 0           ; 0            ; 0       ; 0         ; 0    ; 0            ; |parking_Phase4|DebounceUnit:de                                                                                         ; work         ;
;    |freqDivider:f1|                       ; 57 (57)           ; 32 (32)      ; 0           ; 0            ; 0       ; 0         ; 0    ; 0            ; |parking_Phase4|freqDivider:f1                                                                                          ; work         ;
;    |timer:t1|                             ; 92 (92)           ; 34 (34)      ; 0           ; 0            ; 0       ; 0         ; 0    ; 0            ; |parking_Phase4|timer:t1                                                                                                ; work         ;
+-------------------------------------------+-------------------+--------------+-------------+--------------+---------+-----------+------+--------------+-------------------------------------------------------------------------------------------------------------------------+--------------+
Note: For table entries with two numbers listed, the numbers in parentheses indicate the number of resources of the given type used by the specific entity alone. The numbers listed outside of parentheses indicate the total resources of the given type used by the specific entity and all of its sub-entities in the hierarchy.


+----------------------------------------------------------------------------------------------------------+
; User-Specified and Inferred Latches                                                                      ;
+-----------------------------------------------------+---------------------------+------------------------+
; Latch Name                                          ; Latch Enable Signal       ; Free of Timing Hazards ;
+-----------------------------------------------------+---------------------------+------------------------+
; Counter:count|s_count[0]                            ; Counter:count|s_count[31] ; yes                    ;
; Counter:count|s_count[3]                            ; Counter:count|s_count[31] ; yes                    ;
; Counter:count|s_count[2]                            ; Counter:count|s_count[31] ; yes                    ;
; Counter:count|s_count[1]                            ; Counter:count|s_count[31] ; yes                    ;
; Counter:count|full                                  ; Counter:count|full        ; yes                    ;
; Counter:count|s_count[31]                           ; Counter:count|s_count[31] ; yes                    ;
; Counter:count|s_count[4]                            ; Counter:count|s_count[31] ; yes                    ;
; Counter:count|s_count[5]                            ; Counter:count|s_count[31] ; yes                    ;
; Counter:count|s_count[6]                            ; Counter:count|s_count[31] ; yes                    ;
; Counter:count|s_count[7]                            ; Counter:count|s_count[31] ; yes                    ;
; Counter:count|s_count[8]                            ; Counter:count|s_count[31] ; yes                    ;
; Counter:count|s_count[9]                            ; Counter:count|s_count[31] ; yes                    ;
; Counter:count|s_count[10]                           ; Counter:count|s_count[31] ; yes                    ;
; Counter:count|s_count[11]                           ; Counter:count|s_count[31] ; yes                    ;
; Counter:count|s_count[12]                           ; Counter:count|s_count[31] ; yes                    ;
; Counter:count|s_count[13]                           ; Counter:count|s_count[31] ; yes                    ;
; Counter:count|s_count[14]                           ; Counter:count|s_count[31] ; yes                    ;
; Counter:count|s_count[15]                           ; Counter:count|s_count[31] ; yes                    ;
; Counter:count|s_count[16]                           ; Counter:count|s_count[31] ; yes                    ;
; Counter:count|s_count[17]                           ; Counter:count|s_count[31] ; yes                    ;
; Counter:count|s_count[18]                           ; Counter:count|s_count[31] ; yes                    ;
; Counter:count|s_count[19]                           ; Counter:count|s_count[31] ; yes                    ;
; Counter:count|s_count[20]                           ; Counter:count|s_count[31] ; yes                    ;
; Counter:count|s_count[21]                           ; Counter:count|s_count[31] ; yes                    ;
; Counter:count|s_count[22]                           ; Counter:count|s_count[31] ; yes                    ;
; Counter:count|s_count[23]                           ; Counter:count|s_count[31] ; yes                    ;
; Counter:count|s_count[24]                           ; Counter:count|s_count[31] ; yes                    ;
; Counter:count|s_count[25]                           ; Counter:count|s_count[31] ; yes                    ;
; Counter:count|s_count[26]                           ; Counter:count|s_count[31] ; yes                    ;
; Counter:count|s_count[27]                           ; Counter:count|s_count[31] ; yes                    ;
; Counter:count|s_count[28]                           ; Counter:count|s_count[31] ; yes                    ;
; Counter:count|s_count[29]                           ; Counter:count|s_count[31] ; yes                    ;
; Counter:count|s_count[30]                           ; Counter:count|s_count[31] ; yes                    ;
; Number of user-specified and inferred latches = 33  ;                           ;                        ;
+-----------------------------------------------------+---------------------------+------------------------+
Note: All latches listed above may not be present at the end of synthesis due to various synthesis optimizations.


+------------------------------------------------------+
; General Register Statistics                          ;
+----------------------------------------------+-------+
; Statistic                                    ; Value ;
+----------------------------------------------+-------+
; Total registers                              ; 92    ;
; Number of registers using Synchronous Clear  ; 0     ;
; Number of registers using Synchronous Load   ; 0     ;
; Number of registers using Asynchronous Clear ; 0     ;
; Number of registers using Asynchronous Load  ; 0     ;
; Number of registers using Clock Enable       ; 20    ;
; Number of registers using Preset             ; 0     ;
+----------------------------------------------+-------+


+-----------------------------------------------------------------------------------------------------------------------------------------------------------------+
; Multiplexer Restructuring Statistics (Restructuring Performed)                                                                                                  ;
+--------------------+-----------+---------------+----------------------+------------------------+------------+---------------------------------------------------+
; Multiplexer Inputs ; Bus Width ; Baseline Area ; Area if Restructured ; Saving if Restructured ; Registered ; Example Multiplexer Output                        ;
+--------------------+-----------+---------------+----------------------+------------------------+------------+---------------------------------------------------+
; 4:1                ; 31 bits   ; 62 LEs        ; 31 LEs               ; 31 LEs                 ; Yes        ; |parking_Phase4|timer:t1|s_count[9]               ;
; 5:1                ; 23 bits   ; 69 LEs        ; 46 LEs               ; 23 LEs                 ; Yes        ; |parking_Phase4|DebounceUnit:de|s_debounceCnt[17] ;
; 17:1               ; 2 bits    ; 22 LEs        ; 8 LEs                ; 14 LEs                 ; No         ; |parking_Phase4|Bin7SegDecoder:bin3|decOut_n[3]   ;
; 6:1                ; 2 bits    ; 8 LEs         ; 8 LEs                ; 0 LEs                  ; No         ; |parking_Phase4|Bin7SegDecoder:bin3|decOut_n[5]   ;
; 6:1                ; 2 bits    ; 8 LEs         ; 8 LEs                ; 0 LEs                  ; No         ; |parking_Phase4|Bin7SegDecoder:bin2|decOut_n[5]   ;
+--------------------+-----------+---------------+----------------------+------------------------+------------+---------------------------------------------------+


+-------------------------------------------------------+
; Parameter Settings for User Entity Instance: timer:t1 ;
+----------------+-------+------------------------------+
; Parameter Name ; Value ; Type                         ;
+----------------+-------+------------------------------+
; time_s         ; 10    ; Signed Integer               ;
; clk_freq_khz   ; 50000 ; Signed Integer               ;
+----------------+-------+------------------------------+
Note: In order to hide this table in the UI and the text report file, please set the "Show Parameter Settings in Synthesis Report" option in "Analysis and Synthesis Settings -> More Settings" to "Off".


+--------------------------------------------------------------+
; Parameter Settings for User Entity Instance: DebounceUnit:de ;
+----------------+-------+-------------------------------------+
; Parameter Name ; Value ; Type                                ;
+----------------+-------+-------------------------------------+
; khzclkfreq     ; 50000 ; Signed Integer                      ;
; msecmininwidth ; 100   ; Signed Integer                      ;
; inpolarity     ; '0'   ; Enumerated                          ;
; outpolarity    ; '1'   ; Enumerated                          ;
+----------------+-------+-------------------------------------+
Note: In order to hide this table in the UI and the text report file, please set the "Show Parameter Settings in Synthesis Report" option in "Analysis and Synthesis Settings -> More Settings" to "Off".


+-------------------------------------------------------------+
; Parameter Settings for User Entity Instance: freqDivider:f1 ;
+----------------+----------+---------------------------------+
; Parameter Name ; Value    ; Type                            ;
+----------------+----------+---------------------------------+
; div_factor     ; 25000000 ; Signed Integer                  ;
+----------------+----------+---------------------------------+
Note: In order to hide this table in the UI and the text report file, please set the "Show Parameter Settings in Synthesis Report" option in "Analysis and Synthesis Settings -> More Settings" to "Off".


+--------------------------------------------------------------------------+
; Parameter Settings for Inferred Entity Instance: BCD:BCD|lpm_divide:Mod0 ;
+------------------------+----------------+--------------------------------+
; Parameter Name         ; Value          ; Type                           ;
+------------------------+----------------+--------------------------------+
; LPM_WIDTHN             ; 4              ; Untyped                        ;
; LPM_WIDTHD             ; 4              ; Untyped                        ;
; LPM_NREPRESENTATION    ; UNSIGNED       ; Untyped                        ;
; LPM_DREPRESENTATION    ; UNSIGNED       ; Untyped                        ;
; LPM_PIPELINE           ; 0              ; Untyped                        ;
; LPM_REMAINDERPOSITIVE  ; TRUE           ; Untyped                        ;
; MAXIMIZE_SPEED         ; 5              ; Untyped                        ;
; CBXI_PARAMETER         ; lpm_divide_i9m ; Untyped                        ;
; CARRY_CHAIN            ; MANUAL         ; Untyped                        ;
; OPTIMIZE_FOR_SPEED     ; 5              ; Untyped                        ;
; AUTO_CARRY_CHAINS      ; ON             ; AUTO_CARRY                     ;
; IGNORE_CARRY_BUFFERS   ; OFF            ; IGNORE_CARRY                   ;
; AUTO_CASCADE_CHAINS    ; ON             ; AUTO_CASCADE                   ;
; IGNORE_CASCADE_BUFFERS ; OFF            ; IGNORE_CASCADE                 ;
+------------------------+----------------+--------------------------------+
Note: In order to hide this table in the UI and the text report file, please set the "Show Parameter Settings in Synthesis Report" option in "Analysis and Synthesis Settings -> More Settings" to "Off".


+--------------------------------------------------------------------------+
; Parameter Settings for Inferred Entity Instance: BCD:BCD|lpm_divide:Div0 ;
+------------------------+----------------+--------------------------------+
; Parameter Name         ; Value          ; Type                           ;
+------------------------+----------------+--------------------------------+
; LPM_WIDTHN             ; 4              ; Untyped                        ;
; LPM_WIDTHD             ; 4              ; Untyped                        ;
; LPM_NREPRESENTATION    ; UNSIGNED       ; Untyped                        ;
; LPM_DREPRESENTATION    ; UNSIGNED       ; Untyped                        ;
; LPM_PIPELINE           ; 0              ; Untyped                        ;
; LPM_REMAINDERPOSITIVE  ; TRUE           ; Untyped                        ;
; MAXIMIZE_SPEED         ; 5              ; Untyped                        ;
; CBXI_PARAMETER         ; lpm_divide_fhm ; Untyped                        ;
; CARRY_CHAIN            ; MANUAL         ; Untyped                        ;
; OPTIMIZE_FOR_SPEED     ; 5              ; Untyped                        ;
; AUTO_CARRY_CHAINS      ; ON             ; AUTO_CARRY                     ;
; IGNORE_CARRY_BUFFERS   ; OFF            ; IGNORE_CARRY                   ;
; AUTO_CASCADE_CHAINS    ; ON             ; AUTO_CASCADE                   ;
; IGNORE_CASCADE_BUFFERS ; OFF            ; IGNORE_CASCADE                 ;
+------------------------+----------------+--------------------------------+
Note: In order to hide this table in the UI and the text report file, please set the "Show Parameter Settings in Synthesis Report" option in "Analysis and Synthesis Settings -> More Settings" to "Off".


+-------------------------------------------------+
; Port Connectivity Checks: "Bin7SegDecoder:bin3" ;
+-------------+-------+----------+----------------+
; Port        ; Type  ; Severity ; Details        ;
+-------------+-------+----------+----------------+
; input[2..0] ; Input ; Info     ; Stuck at VCC   ;
; input[5..3] ; Input ; Info     ; Stuck at GND   ;
; input[6]    ; Input ; Info     ; Stuck at VCC   ;
+-------------+-------+----------+----------------+


+-------------------------------------------------+
; Port Connectivity Checks: "Bin7SegDecoder:bin2" ;
+-------------+-------+----------+----------------+
; Port        ; Type  ; Severity ; Details        ;
+-------------+-------+----------+----------------+
; input[2..0] ; Input ; Info     ; Stuck at VCC   ;
; input[5..3] ; Input ; Info     ; Stuck at GND   ;
; input[6]    ; Input ; Info     ; Stuck at VCC   ;
+-------------+-------+----------+----------------+


+-------------------------------------------------+
; Port Connectivity Checks: "Bin7SegDecoder:bin1" ;
+-------------+-------+----------+----------------+
; Port        ; Type  ; Severity ; Details        ;
+-------------+-------+----------+----------------+
; bininput[3] ; Input ; Info     ; Stuck at VCC   ;
; bininput[2] ; Input ; Info     ; Stuck at GND   ;
; bininput[1] ; Input ; Info     ; Stuck at VCC   ;
; bininput[0] ; Input ; Info     ; Stuck at GND   ;
; input[5..1] ; Input ; Info     ; Stuck at GND   ;
; input[6]    ; Input ; Info     ; Stuck at VCC   ;
; input[0]    ; Input ; Info     ; Stuck at VCC   ;
+-------------+-------+----------+----------------+


+-------------------------------------------------+
; Port Connectivity Checks: "Bin7SegDecoder:bin0" ;
+-------------+-------+----------+----------------+
; Port        ; Type  ; Severity ; Details        ;
+-------------+-------+----------+----------------+
; bininput[3] ; Input ; Info     ; Stuck at VCC   ;
; bininput[2] ; Input ; Info     ; Stuck at GND   ;
; bininput[1] ; Input ; Info     ; Stuck at VCC   ;
; bininput[0] ; Input ; Info     ; Stuck at GND   ;
; input[3..1] ; Input ; Info     ; Stuck at VCC   ;
; input[6..4] ; Input ; Info     ; Stuck at GND   ;
; input[0]    ; Input ; Info     ; Stuck at GND   ;
+-------------+-------+----------+----------------+


+-----------------------------------------+
; Port Connectivity Checks: "timer:t1"    ;
+-------+-------+----------+--------------+
; Port  ; Type  ; Severity ; Details      ;
+-------+-------+----------+--------------+
; reset ; Input ; Info     ; Stuck at GND ;
+-------+-------+----------+--------------+


+-----------------------------------------------------+
; Post-Synthesis Netlist Statistics for Top Partition ;
+-----------------------+-----------------------------+
; Type                  ; Count                       ;
+-----------------------+-----------------------------+
; boundary_port         ; 35                          ;
; cycloneiii_ff         ; 92                          ;
;     ENA               ; 20                          ;
;     plain             ; 72                          ;
; cycloneiii_lcell_comb ; 334                         ;
;     arith             ; 121                         ;
;         2 data inputs ; 89                          ;
;         3 data inputs ; 32                          ;
;     normal            ; 213                         ;
;         0 data inputs ; 3                           ;
;         1 data inputs ; 5                           ;
;         2 data inputs ; 20                          ;
;         3 data inputs ; 68                          ;
;         4 data inputs ; 117                         ;
;                       ;                             ;
; Max LUT depth         ; 7.00                        ;
; Average LUT depth     ; 4.40                        ;
+-----------------------+-----------------------------+


+-------------------------------+
; Elapsed Time Per Partition    ;
+----------------+--------------+
; Partition Name ; Elapsed Time ;
+----------------+--------------+
; Top            ; 00:00:01     ;
+----------------+--------------+


+-------------------------------+
; Analysis & Synthesis Messages ;
+-------------------------------+
Info: *******************************************************************
Info: Running Quartus Prime Analysis & Synthesis
    Info: Version 15.1.1 Build 189 12/02/2015 SJ Lite Edition
    Info: Processing started: Thu Mar 30 10:42:25 2017
Info: Command: quartus_map --read_settings_files=on --write_settings_files=off fase4 -c fase4
Warning (20028): Parallel compilation is not licensed and has been disabled
Info (12021): Found 2 design units, including 1 entities, in source file counter.vhd
    Info (12022): Found design unit 1: Counter-Behavioral File: C:/Users/xXxpussylordswagxXx/Documents/merdas da uni/LSD/mini projeto/cenas/counter.vhd Line: 12
    Info (12023): Found entity 1: Counter File: C:/Users/xXxpussylordswagxXx/Documents/merdas da uni/LSD/mini projeto/cenas/counter.vhd Line: 5
Info (12021): Found 2 design units, including 1 entities, in source file bcd.vhd
    Info (12022): Found design unit 1: BCD-Behavioral File: C:/Users/xXxpussylordswagxXx/Documents/merdas da uni/LSD/mini projeto/cenas/BCD.vhd Line: 11
    Info (12023): Found entity 1: BCD File: C:/Users/xXxpussylordswagxXx/Documents/merdas da uni/LSD/mini projeto/cenas/BCD.vhd Line: 5
Info (12021): Found 2 design units, including 1 entities, in source file bin7segdecoder.vhd
    Info (12022): Found design unit 1: Bin7SegDecoder-Behavioral File: C:/Users/xXxpussylordswagxXx/Documents/merdas da uni/LSD/mini projeto/cenas/Bin7SegDecoder.vhd Line: 11
    Info (12023): Found entity 1: Bin7SegDecoder File: C:/Users/xXxpussylordswagxXx/Documents/merdas da uni/LSD/mini projeto/cenas/Bin7SegDecoder.vhd Line: 4
Info (12021): Found 2 design units, including 1 entities, in source file debounceunit.vhd
    Info (12022): Found design unit 1: DebounceUnit-Behavioral File: C:/Users/xXxpussylordswagxXx/Documents/merdas da uni/LSD/mini projeto/cenas/DebounceUnit.vhd Line: 15
    Info (12023): Found entity 1: DebounceUnit File: C:/Users/xXxpussylordswagxXx/Documents/merdas da uni/LSD/mini projeto/cenas/DebounceUnit.vhd Line: 5
Info (12021): Found 2 design units, including 1 entities, in source file /users/xxxpussylordswagxxx/documents/merdas da uni/lsd/mini projeto/fase4/fase4/freqdivider.vhd
    Info (12022): Found design unit 1: freqDivider-Behavioral File: C:/Users/xXxpussylordswagxXx/Documents/merdas da uni/LSD/mini projeto/Fase4/Fase4/freqDivider.vhd Line: 11
    Info (12023): Found entity 1: freqDivider File: C:/Users/xXxpussylordswagxXx/Documents/merdas da uni/LSD/mini projeto/Fase4/Fase4/freqDivider.vhd Line: 5
Info (12021): Found 2 design units, including 1 entities, in source file /users/xxxpussylordswagxxx/documents/merdas da uni/lsd/mini projeto/fase4/fase4/timer.vhd
    Info (12022): Found design unit 1: timer-Behavioral File: C:/Users/xXxpussylordswagxXx/Documents/merdas da uni/LSD/mini projeto/Fase4/Fase4/timer.vhd Line: 16
    Info (12023): Found entity 1: timer File: C:/Users/xXxpussylordswagxXx/Documents/merdas da uni/LSD/mini projeto/Fase4/Fase4/timer.vhd Line: 4
Info (12021): Found 2 design units, including 1 entities, in source file parking_phase4.vhd
    Info (12022): Found design unit 1: parking_Phase4-Shell File: C:/Users/xXxpussylordswagxXx/Documents/merdas da uni/LSD/mini projeto/cenas/parking_Phase4.vhd Line: 16
    Info (12023): Found entity 1: parking_Phase4 File: C:/Users/xXxpussylordswagxXx/Documents/merdas da uni/LSD/mini projeto/cenas/parking_Phase4.vhd Line: 4
Info (12127): Elaborating entity "parking_Phase4" for the top level hierarchy
Info (12129): Elaborating entity "timer" using architecture "A:behavioral" for hierarchy "timer:t1" File: C:/Users/xXxpussylordswagxXx/Documents/merdas da uni/LSD/mini projeto/cenas/parking_Phase4.vhd Line: 22
Info (12129): Elaborating entity "DebounceUnit" using architecture "A:behavioral" for hierarchy "DebounceUnit:de" File: C:/Users/xXxpussylordswagxXx/Documents/merdas da uni/LSD/mini projeto/cenas/parking_Phase4.vhd Line: 32
Info (12129): Elaborating entity "freqDivider" using architecture "A:behavioral" for hierarchy "freqDivider:f1" File: C:/Users/xXxpussylordswagxXx/Documents/merdas da uni/LSD/mini projeto/cenas/parking_Phase4.vhd Line: 37
Info (12129): Elaborating entity "Counter" using architecture "A:behavioral" for hierarchy "Counter:count" File: C:/Users/xXxpussylordswagxXx/Documents/merdas da uni/LSD/mini projeto/cenas/parking_Phase4.vhd Line: 41
Warning (10492): VHDL Process Statement warning at counter.vhd(18): signal "s_count" is read inside the Process Statement but isn't in the Process Statement's sensitivity list File: C:/Users/xXxpussylordswagxXx/Documents/merdas da uni/LSD/mini projeto/cenas/counter.vhd Line: 18
Warning (10492): VHDL Process Statement warning at counter.vhd(19): signal "s_count" is read inside the Process Statement but isn't in the Process Statement's sensitivity list File: C:/Users/xXxpussylordswagxXx/Documents/merdas da uni/LSD/mini projeto/cenas/counter.vhd Line: 19
Warning (10492): VHDL Process Statement warning at counter.vhd(25): signal "s_count" is read inside the Process Statement but isn't in the Process Statement's sensitivity list File: C:/Users/xXxpussylordswagxXx/Documents/merdas da uni/LSD/mini projeto/cenas/counter.vhd Line: 25
Warning (10492): VHDL Process Statement warning at counter.vhd(26): signal "s_count" is read inside the Process Statement but isn't in the Process Statement's sensitivity list File: C:/Users/xXxpussylordswagxXx/Documents/merdas da uni/LSD/mini projeto/cenas/counter.vhd Line: 26
Warning (10492): VHDL Process Statement warning at counter.vhd(32): signal "s_count" is read inside the Process Statement but isn't in the Process Statement's sensitivity list File: C:/Users/xXxpussylordswagxXx/Documents/merdas da uni/LSD/mini projeto/cenas/counter.vhd Line: 32
Warning (10631): VHDL Process Statement warning at counter.vhd(15): inferring latch(es) for signal or variable "s_count", which holds its previous value in one or more paths through the process File: C:/Users/xXxpussylordswagxXx/Documents/merdas da uni/LSD/mini projeto/cenas/counter.vhd Line: 15
Warning (10631): VHDL Process Statement warning at counter.vhd(15): inferring latch(es) for signal or variable "full", which holds its previous value in one or more paths through the process File: C:/Users/xXxpussylordswagxXx/Documents/merdas da uni/LSD/mini projeto/cenas/counter.vhd Line: 15
Info (10041): Inferred latch for "full" at counter.vhd(15) File: C:/Users/xXxpussylordswagxXx/Documents/merdas da uni/LSD/mini projeto/cenas/counter.vhd Line: 15
Info (10041): Inferred latch for "s_count[0]" at counter.vhd(15) File: C:/Users/xXxpussylordswagxXx/Documents/merdas da uni/LSD/mini projeto/cenas/counter.vhd Line: 15
Info (10041): Inferred latch for "s_count[1]" at counter.vhd(15) File: C:/Users/xXxpussylordswagxXx/Documents/merdas da uni/LSD/mini projeto/cenas/counter.vhd Line: 15
Info (10041): Inferred latch for "s_count[2]" at counter.vhd(15) File: C:/Users/xXxpussylordswagxXx/Documents/merdas da uni/LSD/mini projeto/cenas/counter.vhd Line: 15
Info (10041): Inferred latch for "s_count[3]" at counter.vhd(15) File: C:/Users/xXxpussylordswagxXx/Documents/merdas da uni/LSD/mini projeto/cenas/counter.vhd Line: 15
Info (10041): Inferred latch for "s_count[4]" at counter.vhd(15) File: C:/Users/xXxpussylordswagxXx/Documents/merdas da uni/LSD/mini projeto/cenas/counter.vhd Line: 15
Info (10041): Inferred latch for "s_count[5]" at counter.vhd(15) File: C:/Users/xXxpussylordswagxXx/Documents/merdas da uni/LSD/mini projeto/cenas/counter.vhd Line: 15
Info (10041): Inferred latch for "s_count[6]" at counter.vhd(15) File: C:/Users/xXxpussylordswagxXx/Documents/merdas da uni/LSD/mini projeto/cenas/counter.vhd Line: 15
Info (10041): Inferred latch for "s_count[7]" at counter.vhd(15) File: C:/Users/xXxpussylordswagxXx/Documents/merdas da uni/LSD/mini projeto/cenas/counter.vhd Line: 15
Info (10041): Inferred latch for "s_count[8]" at counter.vhd(15) File: C:/Users/xXxpussylordswagxXx/Documents/merdas da uni/LSD/mini projeto/cenas/counter.vhd Line: 15
Info (10041): Inferred latch for "s_count[9]" at counter.vhd(15) File: C:/Users/xXxpussylordswagxXx/Documents/merdas da uni/LSD/mini projeto/cenas/counter.vhd Line: 15
Info (10041): Inferred latch for "s_count[10]" at counter.vhd(15) File: C:/Users/xXxpussylordswagxXx/Documents/merdas da uni/LSD/mini projeto/cenas/counter.vhd Line: 15
Info (10041): Inferred latch for "s_count[11]" at counter.vhd(15) File: C:/Users/xXxpussylordswagxXx/Documents/merdas da uni/LSD/mini projeto/cenas/counter.vhd Line: 15
Info (10041): Inferred latch for "s_count[12]" at counter.vhd(15) File: C:/Users/xXxpussylordswagxXx/Documents/merdas da uni/LSD/mini projeto/cenas/counter.vhd Line: 15
Info (10041): Inferred latch for "s_count[13]" at counter.vhd(15) File: C:/Users/xXxpussylordswagxXx/Documents/merdas da uni/LSD/mini projeto/cenas/counter.vhd Line: 15
Info (10041): Inferred latch for "s_count[14]" at counter.vhd(15) File: C:/Users/xXxpussylordswagxXx/Documents/merdas da uni/LSD/mini projeto/cenas/counter.vhd Line: 15
Info (10041): Inferred latch for "s_count[15]" at counter.vhd(15) File: C:/Users/xXxpussylordswagxXx/Documents/merdas da uni/LSD/mini projeto/cenas/counter.vhd Line: 15
Info (10041): Inferred latch for "s_count[16]" at counter.vhd(15) File: C:/Users/xXxpussylordswagxXx/Documents/merdas da uni/LSD/mini projeto/cenas/counter.vhd Line: 15
Info (10041): Inferred latch for "s_count[17]" at counter.vhd(15) File: C:/Users/xXxpussylordswagxXx/Documents/merdas da uni/LSD/mini projeto/cenas/counter.vhd Line: 15
Info (10041): Inferred latch for "s_count[18]" at counter.vhd(15) File: C:/Users/xXxpussylordswagxXx/Documents/merdas da uni/LSD/mini projeto/cenas/counter.vhd Line: 15
Info (10041): Inferred latch for "s_count[19]" at counter.vhd(15) File: C:/Users/xXxpussylordswagxXx/Documents/merdas da uni/LSD/mini projeto/cenas/counter.vhd Line: 15
Info (10041): Inferred latch for "s_count[20]" at counter.vhd(15) File: C:/Users/xXxpussylordswagxXx/Documents/merdas da uni/LSD/mini projeto/cenas/counter.vhd Line: 15
Info (10041): Inferred latch for "s_count[21]" at counter.vhd(15) File: C:/Users/xXxpussylordswagxXx/Documents/merdas da uni/LSD/mini projeto/cenas/counter.vhd Line: 15
Info (10041): Inferred latch for "s_count[22]" at counter.vhd(15) File: C:/Users/xXxpussylordswagxXx/Documents/merdas da uni/LSD/mini projeto/cenas/counter.vhd Line: 15
Info (10041): Inferred latch for "s_count[23]" at counter.vhd(15) File: C:/Users/xXxpussylordswagxXx/Documents/merdas da uni/LSD/mini projeto/cenas/counter.vhd Line: 15
Info (10041): Inferred latch for "s_count[24]" at counter.vhd(15) File: C:/Users/xXxpussylordswagxXx/Documents/merdas da uni/LSD/mini projeto/cenas/counter.vhd Line: 15
Info (10041): Inferred latch for "s_count[25]" at counter.vhd(15) File: C:/Users/xXxpussylordswagxXx/Documents/merdas da uni/LSD/mini projeto/cenas/counter.vhd Line: 15
Info (10041): Inferred latch for "s_count[26]" at counter.vhd(15) File: C:/Users/xXxpussylordswagxXx/Documents/merdas da uni/LSD/mini projeto/cenas/counter.vhd Line: 15
Info (10041): Inferred latch for "s_count[27]" at counter.vhd(15) File: C:/Users/xXxpussylordswagxXx/Documents/merdas da uni/LSD/mini projeto/cenas/counter.vhd Line: 15
Info (10041): Inferred latch for "s_count[28]" at counter.vhd(15) File: C:/Users/xXxpussylordswagxXx/Documents/merdas da uni/LSD/mini projeto/cenas/counter.vhd Line: 15
Info (10041): Inferred latch for "s_count[29]" at counter.vhd(15) File: C:/Users/xXxpussylordswagxXx/Documents/merdas da uni/LSD/mini projeto/cenas/counter.vhd Line: 15
Info (10041): Inferred latch for "s_count[30]" at counter.vhd(15) File: C:/Users/xXxpussylordswagxXx/Documents/merdas da uni/LSD/mini projeto/cenas/counter.vhd Line: 15
Info (10041): Inferred latch for "s_count[31]" at counter.vhd(15) File: C:/Users/xXxpussylordswagxXx/Documents/merdas da uni/LSD/mini projeto/cenas/counter.vhd Line: 15
Info (12129): Elaborating entity "BCD" using architecture "A:behavioral" for hierarchy "BCD:BCD" File: C:/Users/xXxpussylordswagxXx/Documents/merdas da uni/LSD/mini projeto/cenas/parking_Phase4.vhd Line: 47
Info (12129): Elaborating entity "Bin7SegDecoder" using architecture "A:behavioral" for hierarchy "Bin7SegDecoder:bin0" File: C:/Users/xXxpussylordswagxXx/Documents/merdas da uni/LSD/mini projeto/cenas/parking_Phase4.vhd Line: 51
Warning (10492): VHDL Process Statement warning at Bin7SegDecoder.vhd(16): signal "input" is read inside the Process Statement but isn't in the Process Statement's sensitivity list File: C:/Users/xXxpussylordswagxXx/Documents/merdas da uni/LSD/mini projeto/cenas/Bin7SegDecoder.vhd Line: 16
Info (278001): Inferred 2 megafunctions from design logic
    Info (278004): Inferred divider/modulo megafunction ("lpm_divide") from the following logic: "BCD:BCD|Mod0" File: C:/Users/xXxpussylordswagxXx/Documents/merdas da uni/LSD/mini projeto/cenas/BCD.vhd Line: 15
    Info (278004): Inferred divider/modulo megafunction ("lpm_divide") from the following logic: "BCD:BCD|Div0" File: C:/Users/xXxpussylordswagxXx/Documents/merdas da uni/LSD/mini projeto/cenas/BCD.vhd Line: 14
Info (12130): Elaborated megafunction instantiation "BCD:BCD|lpm_divide:Mod0" File: C:/Users/xXxpussylordswagxXx/Documents/merdas da uni/LSD/mini projeto/cenas/BCD.vhd Line: 15
Info (12133): Instantiated megafunction "BCD:BCD|lpm_divide:Mod0" with the following parameter: File: C:/Users/xXxpussylordswagxXx/Documents/merdas da uni/LSD/mini projeto/cenas/BCD.vhd Line: 15
    Info (12134): Parameter "LPM_WIDTHN" = "4"
    Info (12134): Parameter "LPM_WIDTHD" = "4"
    Info (12134): Parameter "LPM_NREPRESENTATION" = "UNSIGNED"
    Info (12134): Parameter "LPM_DREPRESENTATION" = "UNSIGNED"
Info (12021): Found 1 design units, including 1 entities, in source file db/lpm_divide_i9m.tdf
    Info (12023): Found entity 1: lpm_divide_i9m File: C:/Users/xXxpussylordswagxXx/Documents/merdas da uni/LSD/mini projeto/cenas/db/lpm_divide_i9m.tdf Line: 25
Info (12021): Found 1 design units, including 1 entities, in source file db/sign_div_unsign_7kh.tdf
    Info (12023): Found entity 1: sign_div_unsign_7kh File: C:/Users/xXxpussylordswagxXx/Documents/merdas da uni/LSD/mini projeto/cenas/db/sign_div_unsign_7kh.tdf Line: 25
Info (12021): Found 1 design units, including 1 entities, in source file db/alt_u_div_24f.tdf
    Info (12023): Found entity 1: alt_u_div_24f File: C:/Users/xXxpussylordswagxXx/Documents/merdas da uni/LSD/mini projeto/cenas/db/alt_u_div_24f.tdf Line: 27
Info (12021): Found 1 design units, including 1 entities, in source file db/add_sub_7pc.tdf
    Info (12023): Found entity 1: add_sub_7pc File: C:/Users/xXxpussylordswagxXx/Documents/merdas da uni/LSD/mini projeto/cenas/db/add_sub_7pc.tdf Line: 23
Info (12021): Found 1 design units, including 1 entities, in source file db/add_sub_8pc.tdf
    Info (12023): Found entity 1: add_sub_8pc File: C:/Users/xXxpussylordswagxXx/Documents/merdas da uni/LSD/mini projeto/cenas/db/add_sub_8pc.tdf Line: 23
Info (12130): Elaborated megafunction instantiation "BCD:BCD|lpm_divide:Div0" File: C:/Users/xXxpussylordswagxXx/Documents/merdas da uni/LSD/mini projeto/cenas/BCD.vhd Line: 14
Info (12133): Instantiated megafunction "BCD:BCD|lpm_divide:Div0" with the following parameter: File: C:/Users/xXxpussylordswagxXx/Documents/merdas da uni/LSD/mini projeto/cenas/BCD.vhd Line: 14
    Info (12134): Parameter "LPM_WIDTHN" = "4"
    Info (12134): Parameter "LPM_WIDTHD" = "4"
    Info (12134): Parameter "LPM_NREPRESENTATION" = "UNSIGNED"
    Info (12134): Parameter "LPM_DREPRESENTATION" = "UNSIGNED"
Info (12021): Found 1 design units, including 1 entities, in source file db/lpm_divide_fhm.tdf
    Info (12023): Found entity 1: lpm_divide_fhm File: C:/Users/xXxpussylordswagxXx/Documents/merdas da uni/LSD/mini projeto/cenas/db/lpm_divide_fhm.tdf Line: 25
Warning (13012): Latch Counter:count|full has unsafe behavior File: C:/Users/xXxpussylordswagxXx/Documents/merdas da uni/LSD/mini projeto/cenas/counter.vhd Line: 8
    Warning (13013): Ports D and ENA on the latch are fed by the same signal KEY[0] File: C:/Users/xXxpussylordswagxXx/Documents/merdas da uni/LSD/mini projeto/cenas/parking_Phase4.vhd Line: 5
Warning (13024): Output pins are stuck at VCC or GND
    Warning (13410): Pin "HEX1[6]" is stuck at VCC File: C:/Users/xXxpussylordswagxXx/Documents/merdas da uni/LSD/mini projeto/cenas/parking_Phase4.vhd Line: 9
    Warning (13410): Pin "HEX2[0]" is stuck at VCC File: C:/Users/xXxpussylordswagxXx/Documents/merdas da uni/LSD/mini projeto/cenas/parking_Phase4.vhd Line: 10
    Warning (13410): Pin "HEX2[6]" is stuck at VCC File: C:/Users/xXxpussylordswagxXx/Documents/merdas da uni/LSD/mini projeto/cenas/parking_Phase4.vhd Line: 10
    Warning (13410): Pin "HEX3[1]" is stuck at VCC File: C:/Users/xXxpussylordswagxXx/Documents/merdas da uni/LSD/mini projeto/cenas/parking_Phase4.vhd Line: 11
    Warning (13410): Pin "HEX3[2]" is stuck at VCC File: C:/Users/xXxpussylordswagxXx/Documents/merdas da uni/LSD/mini projeto/cenas/parking_Phase4.vhd Line: 11
    Warning (13410): Pin "HEX3[3]" is stuck at VCC File: C:/Users/xXxpussylordswagxXx/Documents/merdas da uni/LSD/mini projeto/cenas/parking_Phase4.vhd Line: 11
Info (286030): Timing-Driven Synthesis is running
Info (16010): Generating hard_block partition "hard_block:auto_generated_inst"
    Info (16011): Adding 0 node(s), including 0 DDIO, 0 PLL, 0 transceiver and 0 LCELL
Warning (21074): Design contains 1 input pin(s) that do not drive logic
    Warning (15610): No output dependent on input pin "KEY[2]" File: C:/Users/xXxpussylordswagxXx/Documents/merdas da uni/LSD/mini projeto/cenas/parking_Phase4.vhd Line: 5
Info (21057): Implemented 368 device resources after synthesis - the final resource count might be different
    Info (21058): Implemented 4 input pins
    Info (21059): Implemented 31 output pins
    Info (21061): Implemented 333 logic cells
Info: Quartus Prime Analysis & Synthesis was successful. 0 errors, 20 warnings
    Info: Peak virtual memory: 849 megabytes
    Info: Processing ended: Thu Mar 30 10:42:42 2017
    Info: Elapsed time: 00:00:17
    Info: Total CPU time (on all processors): 00:00:36


