Analysis & Synthesis report for parking_phase4
Wed Mar 29 00:04:43 2017
Quartus Prime Version 15.1.1 Build 189 12/02/2015 SJ Lite Edition


---------------------
; Table of Contents ;
---------------------
  1. Legal Notice
  2. Analysis & Synthesis Summary
  3. Analysis & Synthesis Settings
  4. Parallel Compilation
  5. Analysis & Synthesis Source Files Read
  6. Analysis & Synthesis Resource Usage Summary
  7. Analysis & Synthesis Resource Utilization by Entity
  8. Registers Removed During Synthesis
  9. Removed Registers Triggering Further Register Optimizations
 10. General Register Statistics
 11. Multiplexer Restructuring Statistics (Restructuring Performed)
 12. Parameter Settings for User Entity Instance: timer:t1
 13. Parameter Settings for User Entity Instance: freqDivider:f1
 14. Port Connectivity Checks: "FlipFlopD:FsOut"
 15. Port Connectivity Checks: "FlipFlopD:FsIn"
 16. Port Connectivity Checks: "UpDownC:UpC"
 17. Port Connectivity Checks: "timer:t1"
 18. Post-Synthesis Netlist Statistics for Top Partition
 19. Elapsed Time Per Partition
 20. Analysis & Synthesis Messages



----------------
; Legal Notice ;
----------------
Copyright (C) 1991-2015 Altera Corporation. All rights reserved.
Your use of Altera Corporation's design tools, logic functions 
and other software and tools, and its AMPP partner logic 
functions, and any output files from any of the foregoing 
(including device programming or simulation files), and any 
associated documentation or information are expressly subject 
to the terms and conditions of the Altera Program License 
Subscription Agreement, the Altera Quartus Prime License Agreement,
the Altera MegaCore Function License Agreement, or other 
applicable license agreement, including, without limitation, 
that your use is for the sole purpose of programming logic 
devices manufactured by Altera and sold by Altera or its 
authorized distributors.  Please refer to the applicable 
agreement for further details.



+----------------------------------------------------------------------------------+
; Analysis & Synthesis Summary                                                     ;
+------------------------------------+---------------------------------------------+
; Analysis & Synthesis Status        ; Successful - Wed Mar 29 00:04:43 2017       ;
; Quartus Prime Version              ; 15.1.1 Build 189 12/02/2015 SJ Lite Edition ;
; Revision Name                      ; parking_phase4                              ;
; Top-level Entity Name              ; parking_Phase4                              ;
; Family                             ; Cyclone IV E                                ;
; Total logic elements               ; 151                                         ;
;     Total combinational functions  ; 151                                         ;
;     Dedicated logic registers      ; 66                                          ;
; Total registers                    ; 66                                          ;
; Total pins                         ; 28                                          ;
; Total virtual pins                 ; 0                                           ;
; Total memory bits                  ; 0                                           ;
; Embedded Multiplier 9-bit elements ; 0                                           ;
; Total PLLs                         ; 0                                           ;
+------------------------------------+---------------------------------------------+


+----------------------------------------------------------------------------------------------------------------------+
; Analysis & Synthesis Settings                                                                                        ;
+----------------------------------------------------------------------------+--------------------+--------------------+
; Option                                                                     ; Setting            ; Default Value      ;
+----------------------------------------------------------------------------+--------------------+--------------------+
; Device                                                                     ; EP4CE115F29C7      ;                    ;
; Top-level entity name                                                      ; parking_phase4     ; parking_phase4     ;
; Family name                                                                ; Cyclone IV E       ; Cyclone V          ;
; Use smart compilation                                                      ; Off                ; Off                ;
; Enable parallel Assembler and TimeQuest Timing Analyzer during compilation ; On                 ; On                 ;
; Enable compact report table                                                ; Off                ; Off                ;
; Restructure Multiplexers                                                   ; Auto               ; Auto               ;
; Create Debugging Nodes for IP Cores                                        ; Off                ; Off                ;
; Preserve fewer node names                                                  ; On                 ; On                 ;
; Disable OpenCore Plus hardware evaluation                                  ; Off                ; Off                ;
; Verilog Version                                                            ; Verilog_2001       ; Verilog_2001       ;
; VHDL Version                                                               ; VHDL_1993          ; VHDL_1993          ;
; State Machine Processing                                                   ; Auto               ; Auto               ;
; Safe State Machine                                                         ; Off                ; Off                ;
; Extract Verilog State Machines                                             ; On                 ; On                 ;
; Extract VHDL State Machines                                                ; On                 ; On                 ;
; Ignore Verilog initial constructs                                          ; Off                ; Off                ;
; Iteration limit for constant Verilog loops                                 ; 5000               ; 5000               ;
; Iteration limit for non-constant Verilog loops                             ; 250                ; 250                ;
; Add Pass-Through Logic to Inferred RAMs                                    ; On                 ; On                 ;
; Infer RAMs from Raw Logic                                                  ; On                 ; On                 ;
; Parallel Synthesis                                                         ; On                 ; On                 ;
; DSP Block Balancing                                                        ; Auto               ; Auto               ;
; NOT Gate Push-Back                                                         ; On                 ; On                 ;
; Power-Up Don't Care                                                        ; On                 ; On                 ;
; Remove Redundant Logic Cells                                               ; Off                ; Off                ;
; Remove Duplicate Registers                                                 ; On                 ; On                 ;
; Ignore CARRY Buffers                                                       ; Off                ; Off                ;
; Ignore CASCADE Buffers                                                     ; Off                ; Off                ;
; Ignore GLOBAL Buffers                                                      ; Off                ; Off                ;
; Ignore ROW GLOBAL Buffers                                                  ; Off                ; Off                ;
; Ignore LCELL Buffers                                                       ; Off                ; Off                ;
; Ignore SOFT Buffers                                                        ; On                 ; On                 ;
; Limit AHDL Integers to 32 Bits                                             ; Off                ; Off                ;
; Optimization Technique                                                     ; Balanced           ; Balanced           ;
; Carry Chain Length                                                         ; 70                 ; 70                 ;
; Auto Carry Chains                                                          ; On                 ; On                 ;
; Auto Open-Drain Pins                                                       ; On                 ; On                 ;
; Perform WYSIWYG Primitive Resynthesis                                      ; Off                ; Off                ;
; Auto ROM Replacement                                                       ; On                 ; On                 ;
; Auto RAM Replacement                                                       ; On                 ; On                 ;
; Auto DSP Block Replacement                                                 ; On                 ; On                 ;
; Auto Shift Register Replacement                                            ; Auto               ; Auto               ;
; Allow Shift Register Merging across Hierarchies                            ; Auto               ; Auto               ;
; Auto Clock Enable Replacement                                              ; On                 ; On                 ;
; Strict RAM Replacement                                                     ; Off                ; Off                ;
; Allow Synchronous Control Signals                                          ; On                 ; On                 ;
; Force Use of Synchronous Clear Signals                                     ; Off                ; Off                ;
; Auto RAM Block Balancing                                                   ; On                 ; On                 ;
; Auto RAM to Logic Cell Conversion                                          ; Off                ; Off                ;
; Auto Resource Sharing                                                      ; Off                ; Off                ;
; Allow Any RAM Size For Recognition                                         ; Off                ; Off                ;
; Allow Any ROM Size For Recognition                                         ; Off                ; Off                ;
; Allow Any Shift Register Size For Recognition                              ; Off                ; Off                ;
; Use LogicLock Constraints during Resource Balancing                        ; On                 ; On                 ;
; Ignore translate_off and synthesis_off directives                          ; Off                ; Off                ;
; Timing-Driven Synthesis                                                    ; On                 ; On                 ;
; Report Parameter Settings                                                  ; On                 ; On                 ;
; Report Source Assignments                                                  ; On                 ; On                 ;
; Report Connectivity Checks                                                 ; On                 ; On                 ;
; Ignore Maximum Fan-Out Assignments                                         ; Off                ; Off                ;
; Synchronization Register Chain Length                                      ; 2                  ; 2                  ;
; PowerPlay Power Optimization During Synthesis                              ; Normal compilation ; Normal compilation ;
; HDL message level                                                          ; Level2             ; Level2             ;
; Suppress Register Optimization Related Messages                            ; Off                ; Off                ;
; Number of Removed Registers Reported in Synthesis Report                   ; 5000               ; 5000               ;
; Number of Swept Nodes Reported in Synthesis Report                         ; 5000               ; 5000               ;
; Number of Inverted Registers Reported in Synthesis Report                  ; 100                ; 100                ;
; Clock MUX Protection                                                       ; On                 ; On                 ;
; Auto Gated Clock Conversion                                                ; Off                ; Off                ;
; Block Design Naming                                                        ; Auto               ; Auto               ;
; SDC constraint protection                                                  ; Off                ; Off                ;
; Synthesis Effort                                                           ; Auto               ; Auto               ;
; Shift Register Replacement - Allow Asynchronous Clear Signal               ; On                 ; On                 ;
; Pre-Mapping Resynthesis Optimization                                       ; Off                ; Off                ;
; Analysis & Synthesis Message Level                                         ; Medium             ; Medium             ;
; Disable Register Merging Across Hierarchies                                ; Auto               ; Auto               ;
; Resource Aware Inference For Block RAM                                     ; On                 ; On                 ;
; Synthesis Seed                                                             ; 1                  ; 1                  ;
+----------------------------------------------------------------------------+--------------------+--------------------+


+------------------------------------------+
; Parallel Compilation                     ;
+----------------------------+-------------+
; Processors                 ; Number      ;
+----------------------------+-------------+
; Number detected on machine ; 8           ;
; Maximum allowed            ; 4           ;
;                            ;             ;
; Average used               ; 1.00        ;
; Maximum used               ; 4           ;
;                            ;             ;
; Usage by Processor         ; % Time Used ;
;     Processor 1            ; 100.0%      ;
;     Processors 2-4         ; < 0.1%      ;
+----------------------------+-------------+


+--------------------------------------------------------------------------------------------------------------------------------------------+
; Analysis & Synthesis Source Files Read                                                                                                     ;
+----------------------------------+-----------------+-----------------+-----------------------------------------------------------+---------+
; File Name with User-Entered Path ; Used in Netlist ; File Type       ; File Name with Absolute Path                              ; Library ;
+----------------------------------+-----------------+-----------------+-----------------------------------------------------------+---------+
; Bin7SegDecoder.vhd               ; yes             ; User VHDL File  ; C:/altera_lite/15.1/Mini_Projeto/Fase4/Bin7SegDecoder.vhd ;         ;
; UpDownC.vhd                      ; yes             ; User VHDL File  ; C:/altera_lite/15.1/Mini_Projeto/Fase4/UpDownC.vhd        ;         ;
; BCD.vhd                          ; yes             ; User VHDL File  ; C:/altera_lite/15.1/Mini_Projeto/Fase4/BCD.vhd            ;         ;
; parking_Phase4.vhd               ; yes             ; User VHDL File  ; C:/altera_lite/15.1/Mini_Projeto/Fase4/parking_Phase4.vhd ;         ;
; timer.vhd                        ; yes             ; User VHDL File  ; C:/altera_lite/15.1/Mini_Projeto/Fase4/timer.vhd          ;         ;
; freqDivider.vhd                  ; yes             ; User VHDL File  ; C:/altera_lite/15.1/Mini_Projeto/Fase4/freqDivider.vhd    ;         ;
; FlipFlopD.vhd                    ; yes             ; User VHDL File  ; C:/altera_lite/15.1/Mini_Projeto/Fase4/FlipFlopD.vhd      ;         ;
+----------------------------------+-----------------+-----------------+-----------------------------------------------------------+---------+


+--------------------------------------------------------------+
; Analysis & Synthesis Resource Usage Summary                  ;
+---------------------------------------------+----------------+
; Resource                                    ; Usage          ;
+---------------------------------------------+----------------+
; Estimated Total logic elements              ; 151            ;
;                                             ;                ;
; Total combinational functions               ; 151            ;
; Logic element usage by number of LUT inputs ;                ;
;     -- 4 input functions                    ; 43             ;
;     -- 3 input functions                    ; 5              ;
;     -- <=2 input functions                  ; 103            ;
;                                             ;                ;
; Logic elements by mode                      ;                ;
;     -- normal mode                          ; 91             ;
;     -- arithmetic mode                      ; 60             ;
;                                             ;                ;
; Total registers                             ; 66             ;
;     -- Dedicated logic registers            ; 66             ;
;     -- I/O registers                        ; 0              ;
;                                             ;                ;
; I/O pins                                    ; 28             ;
;                                             ;                ;
; Embedded Multiplier 9-bit elements          ; 0              ;
;                                             ;                ;
; Maximum fan-out node                        ; CLOCK_50~input ;
; Maximum fan-out                             ; 66             ;
; Total fan-out                               ; 556            ;
; Average fan-out                             ; 2.04           ;
+---------------------------------------------+----------------+


+----------------------------------------------------------------------------------------------------------------------------------------------------------------------------------------+
; Analysis & Synthesis Resource Utilization by Entity                                                                                                                                    ;
+----------------------------+-------------------+--------------+-------------+--------------+---------+-----------+------+--------------+--------------------------------+--------------+
; Compilation Hierarchy Node ; LC Combinationals ; LC Registers ; Memory Bits ; DSP Elements ; DSP 9x9 ; DSP 18x18 ; Pins ; Virtual Pins ; Full Hierarchy Name            ; Library Name ;
+----------------------------+-------------------+--------------+-------------+--------------+---------+-----------+------+--------------+--------------------------------+--------------+
; |parking_Phase4            ; 151 (1)           ; 66 (0)       ; 0           ; 0            ; 0       ; 0         ; 28   ; 0            ; |parking_Phase4                ; work         ;
;    |freqDivider:f1|        ; 57 (57)           ; 32 (32)      ; 0           ; 0            ; 0       ; 0         ; 0    ; 0            ; |parking_Phase4|freqDivider:f1 ; work         ;
;    |timer:t1|              ; 93 (93)           ; 34 (34)      ; 0           ; 0            ; 0       ; 0         ; 0    ; 0            ; |parking_Phase4|timer:t1       ; work         ;
+----------------------------+-------------------+--------------+-------------+--------------+---------+-----------+------+--------------+--------------------------------+--------------+
Note: For table entries with two numbers listed, the numbers in parentheses indicate the number of resources of the given type used by the specific entity alone. The numbers listed outside of parentheses indicate the total resources of the given type used by the specific entity and all of its sub-entities in the hierarchy.


+--------------------------------------------------------------------------------+
; Registers Removed During Synthesis                                             ;
+---------------------------------------+----------------------------------------+
; Register name                         ; Reason for Removal                     ;
+---------------------------------------+----------------------------------------+
; UpDownC:UpC|reset                     ; Stuck at VCC due to stuck port data_in ;
; FlipFlopD:FsOut|Q                     ; Stuck at GND due to stuck port clear   ;
; FlipFlopD:FsIn|Q                      ; Stuck at GND due to stuck port clear   ;
; UpDownC:UpC|s_cnt[1..3]               ; Merged with UpDownC:UpC|s_cnt[0]       ;
; UpDownC:UpC|s_cnt[0]                  ; Stuck at GND due to stuck port data_in ;
; Total Number of Removed Registers = 7 ;                                        ;
+---------------------------------------+----------------------------------------+


+-----------------------------------------------------------------------------------------------------------+
; Removed Registers Triggering Further Register Optimizations                                               ;
+-------------------+---------------------------+-----------------------------------------------------------+
; Register name     ; Reason for Removal        ; Registers Removed due to This Register                    ;
+-------------------+---------------------------+-----------------------------------------------------------+
; UpDownC:UpC|reset ; Stuck at VCC              ; FlipFlopD:FsOut|Q, FlipFlopD:FsIn|Q, UpDownC:UpC|s_cnt[0] ;
;                   ; due to stuck port data_in ;                                                           ;
+-------------------+---------------------------+-----------------------------------------------------------+


+------------------------------------------------------+
; General Register Statistics                          ;
+----------------------------------------------+-------+
; Statistic                                    ; Value ;
+----------------------------------------------+-------+
; Total registers                              ; 66    ;
; Number of registers using Synchronous Clear  ; 0     ;
; Number of registers using Synchronous Load   ; 0     ;
; Number of registers using Asynchronous Clear ; 0     ;
; Number of registers using Asynchronous Load  ; 0     ;
; Number of registers using Clock Enable       ; 2     ;
; Number of registers using Preset             ; 0     ;
+----------------------------------------------+-------+


+---------------------------------------------------------------------------------------------------------------------------------------------------+
; Multiplexer Restructuring Statistics (Restructuring Performed)                                                                                    ;
+--------------------+-----------+---------------+----------------------+------------------------+------------+-------------------------------------+
; Multiplexer Inputs ; Bus Width ; Baseline Area ; Area if Restructured ; Saving if Restructured ; Registered ; Example Multiplexer Output          ;
+--------------------+-----------+---------------+----------------------+------------------------+------------+-------------------------------------+
; 4:1                ; 31 bits   ; 62 LEs        ; 31 LEs               ; 31 LEs                 ; Yes        ; |parking_Phase4|timer:t1|s_count[0] ;
+--------------------+-----------+---------------+----------------------+------------------------+------------+-------------------------------------+


+-------------------------------------------------------+
; Parameter Settings for User Entity Instance: timer:t1 ;
+----------------+-------+------------------------------+
; Parameter Name ; Value ; Type                         ;
+----------------+-------+------------------------------+
; time_s         ; 10    ; Signed Integer               ;
; clk_freq_khz   ; 50000 ; Signed Integer               ;
+----------------+-------+------------------------------+
Note: In order to hide this table in the UI and the text report file, please set the "Show Parameter Settings in Synthesis Report" option in "Analysis and Synthesis Settings -> More Settings" to "Off".


+-------------------------------------------------------------+
; Parameter Settings for User Entity Instance: freqDivider:f1 ;
+----------------+----------+---------------------------------+
; Parameter Name ; Value    ; Type                            ;
+----------------+----------+---------------------------------+
; div_factor     ; 25000000 ; Signed Integer                  ;
+----------------+----------+---------------------------------+
Note: In order to hide this table in the UI and the text report file, please set the "Show Parameter Settings in Synthesis Report" option in "Analysis and Synthesis Settings -> More Settings" to "Off".


+---------------------------------------------+
; Port Connectivity Checks: "FlipFlopD:FsOut" ;
+------+-------+----------+-------------------+
; Port ; Type  ; Severity ; Details           ;
+------+-------+----------+-------------------+
; d    ; Input ; Info     ; Stuck at VCC      ;
+------+-------+----------+-------------------+


+--------------------------------------------+
; Port Connectivity Checks: "FlipFlopD:FsIn" ;
+------+-------+----------+------------------+
; Port ; Type  ; Severity ; Details          ;
+------+-------+----------+------------------+
; d    ; Input ; Info     ; Stuck at VCC     ;
+------+-------+----------+------------------+


+----------------------------------------------------------------------------------------------------------------+
; Port Connectivity Checks: "UpDownC:UpC"                                                                        ;
+------+--------+----------+-------------------------------------------------------------------------------------+
; Port ; Type   ; Severity ; Details                                                                             ;
+------+--------+----------+-------------------------------------------------------------------------------------+
; full ; Output ; Info     ; Connected to dangling logic. Logic that only feeds a dangling port will be removed. ;
+------+--------+----------+-------------------------------------------------------------------------------------+


+-----------------------------------------+
; Port Connectivity Checks: "timer:t1"    ;
+-------+-------+----------+--------------+
; Port  ; Type  ; Severity ; Details      ;
+-------+-------+----------+--------------+
; reset ; Input ; Info     ; Stuck at GND ;
+-------+-------+----------+--------------+


+-----------------------------------------------------+
; Post-Synthesis Netlist Statistics for Top Partition ;
+-----------------------+-----------------------------+
; Type                  ; Count                       ;
+-----------------------+-----------------------------+
; boundary_port         ; 28                          ;
; cycloneiii_ff         ; 66                          ;
;     ENA               ; 2                           ;
;     plain             ; 64                          ;
; cycloneiii_lcell_comb ; 153                         ;
;     arith             ; 60                          ;
;         2 data inputs ; 60                          ;
;     normal            ; 93                          ;
;         0 data inputs ; 2                           ;
;         1 data inputs ; 2                           ;
;         2 data inputs ; 41                          ;
;         3 data inputs ; 5                           ;
;         4 data inputs ; 43                          ;
;                       ;                             ;
; Max LUT depth         ; 5.00                        ;
; Average LUT depth     ; 4.19                        ;
+-----------------------+-----------------------------+


+-------------------------------+
; Elapsed Time Per Partition    ;
+----------------+--------------+
; Partition Name ; Elapsed Time ;
+----------------+--------------+
; Top            ; 00:00:00     ;
+----------------+--------------+


+-------------------------------+
; Analysis & Synthesis Messages ;
+-------------------------------+
Info: *******************************************************************
Info: Running Quartus Prime Analysis & Synthesis
    Info: Version 15.1.1 Build 189 12/02/2015 SJ Lite Edition
    Info: Processing started: Wed Mar 29 00:04:30 2017
Info: Command: quartus_map --read_settings_files=on --write_settings_files=off parking_phase4 -c parking_phase4
Info (20030): Parallel compilation is enabled and will use 4 of the 4 processors detected
Info (12021): Found 2 design units, including 1 entities, in source file bin7segdecoder.vhd
    Info (12022): Found design unit 1: Bin7SegDecoder-Behavioral File: C:/altera_lite/15.1/Mini_Projeto/Fase4/Bin7SegDecoder.vhd Line: 9
    Info (12023): Found entity 1: Bin7SegDecoder File: C:/altera_lite/15.1/Mini_Projeto/Fase4/Bin7SegDecoder.vhd Line: 4
Info (12021): Found 2 design units, including 1 entities, in source file updownc.vhd
    Info (12022): Found design unit 1: UpDownC-Behavioral File: C:/altera_lite/15.1/Mini_Projeto/Fase4/UpDownC.vhd Line: 14
    Info (12023): Found entity 1: UpDownC File: C:/altera_lite/15.1/Mini_Projeto/Fase4/UpDownC.vhd Line: 5
Info (12021): Found 2 design units, including 1 entities, in source file bcd.vhd
    Info (12022): Found design unit 1: BCD-Behavioral File: C:/altera_lite/15.1/Mini_Projeto/Fase4/BCD.vhd Line: 11
    Info (12023): Found entity 1: BCD File: C:/altera_lite/15.1/Mini_Projeto/Fase4/BCD.vhd Line: 5
Info (12021): Found 2 design units, including 1 entities, in source file parking_phase4.vhd
    Info (12022): Found design unit 1: parking_Phase4-Shell File: C:/altera_lite/15.1/Mini_Projeto/Fase4/parking_Phase4.vhd Line: 15
    Info (12023): Found entity 1: parking_Phase4 File: C:/altera_lite/15.1/Mini_Projeto/Fase4/parking_Phase4.vhd Line: 4
Info (12021): Found 2 design units, including 1 entities, in source file timer.vhd
    Info (12022): Found design unit 1: timer-Behavioral File: C:/altera_lite/15.1/Mini_Projeto/Fase4/timer.vhd Line: 16
    Info (12023): Found entity 1: timer File: C:/altera_lite/15.1/Mini_Projeto/Fase4/timer.vhd Line: 4
Info (12021): Found 2 design units, including 1 entities, in source file freqdivider.vhd
    Info (12022): Found design unit 1: freqDivider-Behavioral File: C:/altera_lite/15.1/Mini_Projeto/Fase4/freqDivider.vhd Line: 11
    Info (12023): Found entity 1: freqDivider File: C:/altera_lite/15.1/Mini_Projeto/Fase4/freqDivider.vhd Line: 5
Info (12021): Found 2 design units, including 1 entities, in source file flipflopd.vhd
    Info (12022): Found design unit 1: FlipFlopD-Behav File: C:/altera_lite/15.1/Mini_Projeto/Fase4/FlipFlopD.vhd Line: 11
    Info (12023): Found entity 1: FlipFlopD File: C:/altera_lite/15.1/Mini_Projeto/Fase4/FlipFlopD.vhd Line: 4
Info (12127): Elaborating entity "parking_phase4" for the top level hierarchy
Warning (10541): VHDL Signal Declaration warning at parking_Phase4.vhd(10): used implicit default value for signal "HEX2" because signal was never assigned a value or an explicit default value. Use of implicit default value may introduce unintended design optimizations. File: C:/altera_lite/15.1/Mini_Projeto/Fase4/parking_Phase4.vhd Line: 10
Warning (10036): Verilog HDL or VHDL warning at parking_Phase4.vhd(16): object "s_full" assigned a value but never read File: C:/altera_lite/15.1/Mini_Projeto/Fase4/parking_Phase4.vhd Line: 16
Info (12129): Elaborating entity "timer" using architecture "A:behavioral" for hierarchy "timer:t1" File: C:/altera_lite/15.1/Mini_Projeto/Fase4/parking_Phase4.vhd Line: 20
Info (12129): Elaborating entity "UpDownC" using architecture "A:behavioral" for hierarchy "UpDownC:UpC" File: C:/altera_lite/15.1/Mini_Projeto/Fase4/parking_Phase4.vhd Line: 30
Info (12129): Elaborating entity "BCD" using architecture "A:behavioral" for hierarchy "BCD:BCD1" File: C:/altera_lite/15.1/Mini_Projeto/Fase4/parking_Phase4.vhd Line: 38
Info (12129): Elaborating entity "freqDivider" using architecture "A:behavioral" for hierarchy "freqDivider:f1" File: C:/altera_lite/15.1/Mini_Projeto/Fase4/parking_Phase4.vhd Line: 43
Info (12129): Elaborating entity "Bin7SegDecoder" using architecture "A:behavioral" for hierarchy "Bin7SegDecoder:display0" File: C:/altera_lite/15.1/Mini_Projeto/Fase4/parking_Phase4.vhd Line: 48
Info (12129): Elaborating entity "FlipFlopD" using architecture "A:behav" for hierarchy "FlipFlopD:FsIn" File: C:/altera_lite/15.1/Mini_Projeto/Fase4/parking_Phase4.vhd Line: 56
Warning (10492): VHDL Process Statement warning at FlipFlopD.vhd(15): signal "reset" is read inside the Process Statement but isn't in the Process Statement's sensitivity list File: C:/altera_lite/15.1/Mini_Projeto/Fase4/FlipFlopD.vhd Line: 15
Warning (13024): Output pins are stuck at VCC or GND
    Warning (13410): Pin "HEX0[0]" is stuck at GND File: C:/altera_lite/15.1/Mini_Projeto/Fase4/parking_Phase4.vhd Line: 8
    Warning (13410): Pin "HEX0[1]" is stuck at GND File: C:/altera_lite/15.1/Mini_Projeto/Fase4/parking_Phase4.vhd Line: 8
    Warning (13410): Pin "HEX0[2]" is stuck at GND File: C:/altera_lite/15.1/Mini_Projeto/Fase4/parking_Phase4.vhd Line: 8
    Warning (13410): Pin "HEX0[3]" is stuck at GND File: C:/altera_lite/15.1/Mini_Projeto/Fase4/parking_Phase4.vhd Line: 8
    Warning (13410): Pin "HEX0[4]" is stuck at GND File: C:/altera_lite/15.1/Mini_Projeto/Fase4/parking_Phase4.vhd Line: 8
    Warning (13410): Pin "HEX0[5]" is stuck at GND File: C:/altera_lite/15.1/Mini_Projeto/Fase4/parking_Phase4.vhd Line: 8
    Warning (13410): Pin "HEX0[6]" is stuck at VCC File: C:/altera_lite/15.1/Mini_Projeto/Fase4/parking_Phase4.vhd Line: 8
    Warning (13410): Pin "HEX1[0]" is stuck at GND File: C:/altera_lite/15.1/Mini_Projeto/Fase4/parking_Phase4.vhd Line: 9
    Warning (13410): Pin "HEX1[1]" is stuck at GND File: C:/altera_lite/15.1/Mini_Projeto/Fase4/parking_Phase4.vhd Line: 9
    Warning (13410): Pin "HEX1[2]" is stuck at GND File: C:/altera_lite/15.1/Mini_Projeto/Fase4/parking_Phase4.vhd Line: 9
    Warning (13410): Pin "HEX1[3]" is stuck at GND File: C:/altera_lite/15.1/Mini_Projeto/Fase4/parking_Phase4.vhd Line: 9
    Warning (13410): Pin "HEX1[4]" is stuck at GND File: C:/altera_lite/15.1/Mini_Projeto/Fase4/parking_Phase4.vhd Line: 9
    Warning (13410): Pin "HEX1[5]" is stuck at GND File: C:/altera_lite/15.1/Mini_Projeto/Fase4/parking_Phase4.vhd Line: 9
    Warning (13410): Pin "HEX1[6]" is stuck at VCC File: C:/altera_lite/15.1/Mini_Projeto/Fase4/parking_Phase4.vhd Line: 9
    Warning (13410): Pin "HEX2[0]" is stuck at GND File: C:/altera_lite/15.1/Mini_Projeto/Fase4/parking_Phase4.vhd Line: 10
    Warning (13410): Pin "HEX2[1]" is stuck at GND File: C:/altera_lite/15.1/Mini_Projeto/Fase4/parking_Phase4.vhd Line: 10
    Warning (13410): Pin "HEX2[2]" is stuck at GND File: C:/altera_lite/15.1/Mini_Projeto/Fase4/parking_Phase4.vhd Line: 10
    Warning (13410): Pin "HEX2[3]" is stuck at GND File: C:/altera_lite/15.1/Mini_Projeto/Fase4/parking_Phase4.vhd Line: 10
    Warning (13410): Pin "HEX2[4]" is stuck at GND File: C:/altera_lite/15.1/Mini_Projeto/Fase4/parking_Phase4.vhd Line: 10
    Warning (13410): Pin "HEX2[5]" is stuck at GND File: C:/altera_lite/15.1/Mini_Projeto/Fase4/parking_Phase4.vhd Line: 10
    Warning (13410): Pin "HEX2[6]" is stuck at GND File: C:/altera_lite/15.1/Mini_Projeto/Fase4/parking_Phase4.vhd Line: 10
Info (286030): Timing-Driven Synthesis is running
Info (16010): Generating hard_block partition "hard_block:auto_generated_inst"
    Info (16011): Adding 0 node(s), including 0 DDIO, 0 PLL, 0 transceiver and 0 LCELL
Warning (21074): Design contains 1 input pin(s) that do not drive logic
    Warning (15610): No output dependent on input pin "KEY[2]" File: C:/altera_lite/15.1/Mini_Projeto/Fase4/parking_Phase4.vhd Line: 5
Info (21057): Implemented 180 device resources after synthesis - the final resource count might be different
    Info (21058): Implemented 4 input pins
    Info (21059): Implemented 24 output pins
    Info (21061): Implemented 152 logic cells
Info: Quartus Prime Analysis & Synthesis was successful. 0 errors, 27 warnings
    Info: Peak virtual memory: 862 megabytes
    Info: Processing ended: Wed Mar 29 00:04:43 2017
    Info: Elapsed time: 00:00:13
    Info: Total CPU time (on all processors): 00:00:32


